11/17/2021 20:35:01 - INFO - transformer.tokenization -   loading vocabulary file https://s3.amazonaws.com/models.huggingface.co/bert/bert-base-uncased-vocab.txt from cache at /n/home12/yujichai/.pytorch_pretrained_bert/26bc1ad6c0ac742e9b52263248f6d0f00068293b33709fae12320c0e35ccfbbb.542ce4285a40d23a559526243235df47c5f75c197f04f37d1a0c124c32c9a084
11/17/2021 20:36:29 - INFO - __main__ -   loaded 100 docs!
11/17/2021 20:37:46 - INFO - __main__ -   loaded 200 docs!
11/17/2021 20:39:11 - INFO - __main__ -   loaded 300 docs!
11/17/2021 20:40:40 - INFO - __main__ -   loaded 400 docs!
11/17/2021 20:42:05 - INFO - __main__ -   loaded 500 docs!
11/17/2021 20:43:32 - INFO - __main__ -   loaded 600 docs!
11/17/2021 20:44:48 - INFO - __main__ -   loaded 700 docs!
11/17/2021 20:46:17 - INFO - __main__ -   loaded 800 docs!
11/17/2021 20:47:42 - INFO - __main__ -   loaded 900 docs!
11/17/2021 20:49:02 - INFO - __main__ -   loaded 1000 docs!
11/17/2021 20:50:25 - INFO - __main__ -   loaded 1100 docs!
11/17/2021 20:51:38 - INFO - __main__ -   loaded 1200 docs!
11/17/2021 20:53:11 - INFO - __main__ -   loaded 1300 docs!
11/17/2021 20:54:41 - INFO - __main__ -   loaded 1400 docs!
11/17/2021 20:55:54 - INFO - __main__ -   loaded 1500 docs!
11/17/2021 20:57:32 - INFO - __main__ -   loaded 1600 docs!
11/17/2021 20:58:52 - INFO - __main__ -   loaded 1700 docs!
11/17/2021 21:00:10 - INFO - __main__ -   loaded 1800 docs!
11/17/2021 21:01:28 - INFO - __main__ -   loaded 1900 docs!
11/17/2021 21:03:54 - INFO - __main__ -   loaded 2000 docs!
11/17/2021 21:05:15 - INFO - __main__ -   loaded 2100 docs!
11/17/2021 21:06:39 - INFO - __main__ -   loaded 2200 docs!
11/17/2021 21:08:00 - INFO - __main__ -   loaded 2300 docs!
11/17/2021 21:09:28 - INFO - __main__ -   loaded 2400 docs!
11/17/2021 21:10:50 - INFO - __main__ -   loaded 2500 docs!
11/17/2021 21:12:05 - INFO - __main__ -   loaded 2600 docs!
11/17/2021 21:13:26 - INFO - __main__ -   loaded 2700 docs!
11/17/2021 21:14:52 - INFO - __main__ -   loaded 2800 docs!
11/17/2021 21:16:10 - INFO - __main__ -   loaded 2900 docs!
11/17/2021 21:17:42 - INFO - __main__ -   loaded 3000 docs!
11/17/2021 21:19:13 - INFO - __main__ -   loaded 3100 docs!
11/17/2021 21:20:39 - INFO - __main__ -   loaded 3200 docs!
11/17/2021 21:21:59 - INFO - __main__ -   loaded 3300 docs!
11/17/2021 21:23:32 - INFO - __main__ -   loaded 3400 docs!
11/17/2021 21:24:49 - INFO - __main__ -   loaded 3500 docs!
11/17/2021 21:26:15 - INFO - __main__ -   loaded 3600 docs!
11/17/2021 21:27:49 - INFO - __main__ -   loaded 3700 docs!
11/17/2021 21:29:40 - INFO - __main__ -   loaded 3800 docs!
11/17/2021 21:31:14 - INFO - __main__ -   loaded 3900 docs!
11/17/2021 21:32:44 - INFO - __main__ -   loaded 4000 docs!
11/17/2021 21:34:08 - INFO - __main__ -   loaded 4100 docs!
11/17/2021 21:35:26 - INFO - __main__ -   loaded 4200 docs!
11/17/2021 21:36:49 - INFO - __main__ -   loaded 4300 docs!
11/17/2021 21:38:11 - INFO - __main__ -   loaded 4400 docs!
11/17/2021 21:39:51 - INFO - __main__ -   loaded 4500 docs!
11/17/2021 21:41:08 - INFO - __main__ -   loaded 4600 docs!
11/17/2021 21:42:38 - INFO - __main__ -   loaded 4700 docs!
11/17/2021 21:43:59 - INFO - __main__ -   loaded 4800 docs!
11/17/2021 21:45:13 - INFO - __main__ -   loaded 4900 docs!
11/17/2021 21:46:48 - INFO - __main__ -   loaded 5000 docs!
11/17/2021 21:48:05 - INFO - __main__ -   loaded 5100 docs!
11/17/2021 21:49:25 - INFO - __main__ -   loaded 5200 docs!
11/17/2021 21:50:40 - INFO - __main__ -   loaded 5300 docs!
11/17/2021 21:51:59 - INFO - __main__ -   loaded 5400 docs!
11/17/2021 21:53:13 - INFO - __main__ -   loaded 5500 docs!
11/17/2021 21:54:40 - INFO - __main__ -   loaded 5600 docs!
11/17/2021 21:55:58 - INFO - __main__ -   loaded 5700 docs!
11/17/2021 21:57:49 - INFO - __main__ -   loaded 5800 docs!
11/17/2021 21:59:17 - INFO - __main__ -   loaded 5900 docs!
11/17/2021 22:00:41 - INFO - __main__ -   loaded 6000 docs!
11/17/2021 22:02:00 - INFO - __main__ -   loaded 6100 docs!
11/17/2021 22:03:23 - INFO - __main__ -   loaded 6200 docs!
11/17/2021 22:04:39 - INFO - __main__ -   loaded 6300 docs!
11/17/2021 22:05:57 - INFO - __main__ -   loaded 6400 docs!
11/17/2021 22:07:24 - INFO - __main__ -   loaded 6500 docs!
11/17/2021 22:08:53 - INFO - __main__ -   loaded 6600 docs!
11/17/2021 22:10:11 - INFO - __main__ -   loaded 6700 docs!
11/17/2021 22:11:31 - INFO - __main__ -   loaded 6800 docs!
11/17/2021 22:13:02 - INFO - __main__ -   loaded 6900 docs!
11/17/2021 22:14:24 - INFO - __main__ -   loaded 7000 docs!
11/17/2021 22:16:05 - INFO - __main__ -   loaded 7100 docs!
11/17/2021 22:17:34 - INFO - __main__ -   loaded 7200 docs!
11/17/2021 22:19:33 - INFO - __main__ -   loaded 7300 docs!
11/17/2021 22:20:59 - INFO - __main__ -   loaded 7400 docs!
11/17/2021 22:22:16 - INFO - __main__ -   loaded 7500 docs!
11/17/2021 22:23:29 - INFO - __main__ -   loaded 7600 docs!
11/17/2021 22:24:52 - INFO - __main__ -   loaded 7700 docs!
11/17/2021 22:26:19 - INFO - __main__ -   loaded 7800 docs!
11/17/2021 22:27:40 - INFO - __main__ -   loaded 7900 docs!
11/17/2021 22:29:05 - INFO - __main__ -   loaded 8000 docs!
11/17/2021 22:30:30 - INFO - __main__ -   loaded 8100 docs!
11/17/2021 22:31:57 - INFO - __main__ -   loaded 8200 docs!
11/17/2021 22:33:19 - INFO - __main__ -   loaded 8300 docs!
11/17/2021 22:34:43 - INFO - __main__ -   loaded 8400 docs!
11/17/2021 22:35:59 - INFO - __main__ -   loaded 8500 docs!
11/17/2021 22:37:32 - INFO - __main__ -   loaded 8600 docs!
11/17/2021 22:38:56 - INFO - __main__ -   loaded 8700 docs!
11/17/2021 22:40:26 - INFO - __main__ -   loaded 8800 docs!
11/17/2021 22:41:45 - INFO - __main__ -   loaded 8900 docs!
11/17/2021 22:43:30 - INFO - __main__ -   loaded 9000 docs!
11/17/2021 22:45:33 - INFO - __main__ -   loaded 9100 docs!
11/17/2021 22:46:53 - INFO - __main__ -   loaded 9200 docs!
11/17/2021 22:48:14 - INFO - __main__ -   loaded 9300 docs!
11/17/2021 22:49:42 - INFO - __main__ -   loaded 9400 docs!
11/17/2021 22:51:03 - INFO - __main__ -   loaded 9500 docs!
11/17/2021 22:52:20 - INFO - __main__ -   loaded 9600 docs!
11/17/2021 22:53:35 - INFO - __main__ -   loaded 9700 docs!
11/17/2021 22:54:55 - INFO - __main__ -   loaded 9800 docs!
11/17/2021 22:56:22 - INFO - __main__ -   loaded 9900 docs!
11/17/2021 22:57:37 - INFO - __main__ -   loaded 10000 docs!
11/17/2021 22:58:54 - INFO - __main__ -   loaded 10100 docs!
11/17/2021 23:00:15 - INFO - __main__ -   loaded 10200 docs!
11/17/2021 23:01:38 - INFO - __main__ -   loaded 10300 docs!
11/17/2021 23:03:00 - INFO - __main__ -   loaded 10400 docs!
11/17/2021 23:04:37 - INFO - __main__ -   loaded 10500 docs!
11/17/2021 23:05:53 - INFO - __main__ -   loaded 10600 docs!
11/17/2021 23:07:33 - INFO - __main__ -   loaded 10700 docs!
11/17/2021 23:09:00 - INFO - __main__ -   loaded 10800 docs!
11/17/2021 23:10:15 - INFO - __main__ -   loaded 10900 docs!
11/17/2021 23:11:41 - INFO - __main__ -   loaded 11000 docs!
11/17/2021 23:12:58 - INFO - __main__ -   loaded 11100 docs!
11/17/2021 23:14:14 - INFO - __main__ -   loaded 11200 docs!
11/17/2021 23:15:30 - INFO - __main__ -   loaded 11300 docs!
11/17/2021 23:16:56 - INFO - __main__ -   loaded 11400 docs!
11/17/2021 23:19:04 - INFO - __main__ -   loaded 11500 docs!
11/17/2021 23:20:22 - INFO - __main__ -   loaded 11600 docs!
11/17/2021 23:21:52 - INFO - __main__ -   loaded 11700 docs!
11/17/2021 23:23:29 - INFO - __main__ -   loaded 11800 docs!
11/17/2021 23:25:11 - INFO - __main__ -   loaded 11900 docs!
11/17/2021 23:26:34 - INFO - __main__ -   loaded 12000 docs!
11/17/2021 23:28:05 - INFO - __main__ -   loaded 12100 docs!
11/17/2021 23:29:26 - INFO - __main__ -   loaded 12200 docs!
11/17/2021 23:30:54 - INFO - __main__ -   loaded 12300 docs!
11/17/2021 23:32:15 - INFO - __main__ -   loaded 12400 docs!
11/17/2021 23:33:54 - INFO - __main__ -   loaded 12500 docs!
11/17/2021 23:35:11 - INFO - __main__ -   loaded 12600 docs!
11/17/2021 23:36:30 - INFO - __main__ -   loaded 12700 docs!
11/17/2021 23:37:52 - INFO - __main__ -   loaded 12800 docs!
11/17/2021 23:39:18 - INFO - __main__ -   loaded 12900 docs!
11/17/2021 23:40:28 - INFO - __main__ -   loaded 13000 docs!
11/17/2021 23:41:47 - INFO - __main__ -   loaded 13100 docs!
11/17/2021 23:43:12 - INFO - __main__ -   loaded 13200 docs!
11/17/2021 23:44:33 - INFO - __main__ -   loaded 13300 docs!
11/17/2021 23:46:05 - INFO - __main__ -   loaded 13400 docs!
11/17/2021 23:47:30 - INFO - __main__ -   loaded 13500 docs!
11/17/2021 23:48:45 - INFO - __main__ -   loaded 13600 docs!
11/17/2021 23:49:59 - INFO - __main__ -   loaded 13700 docs!
11/17/2021 23:51:30 - INFO - __main__ -   loaded 13800 docs!
11/17/2021 23:52:56 - INFO - __main__ -   loaded 13900 docs!
11/17/2021 23:54:27 - INFO - __main__ -   loaded 14000 docs!
11/17/2021 23:56:02 - INFO - __main__ -   loaded 14100 docs!
11/17/2021 23:57:36 - INFO - __main__ -   loaded 14200 docs!
11/17/2021 23:59:09 - INFO - __main__ -   loaded 14300 docs!
11/18/2021 00:00:30 - INFO - __main__ -   loaded 14400 docs!
11/18/2021 00:03:05 - INFO - __main__ -   loaded 14500 docs!
11/18/2021 00:04:36 - INFO - __main__ -   loaded 14600 docs!
11/18/2021 00:05:58 - INFO - __main__ -   loaded 14700 docs!
11/18/2021 00:07:21 - INFO - __main__ -   loaded 14800 docs!
11/18/2021 00:08:52 - INFO - __main__ -   loaded 14900 docs!
11/18/2021 00:10:10 - INFO - __main__ -   loaded 15000 docs!
11/18/2021 00:11:35 - INFO - __main__ -   loaded 15100 docs!
11/18/2021 00:13:03 - INFO - __main__ -   loaded 15200 docs!
11/18/2021 00:14:21 - INFO - __main__ -   loaded 15300 docs!
11/18/2021 00:15:44 - INFO - __main__ -   loaded 15400 docs!
11/18/2021 00:16:57 - INFO - __main__ -   loaded 15500 docs!
11/18/2021 00:18:22 - INFO - __main__ -   loaded 15600 docs!
11/18/2021 00:19:52 - INFO - __main__ -   loaded 15700 docs!
11/18/2021 00:21:11 - INFO - __main__ -   loaded 15800 docs!
11/18/2021 00:22:40 - INFO - __main__ -   loaded 15900 docs!
11/18/2021 00:24:05 - INFO - __main__ -   loaded 16000 docs!
11/18/2021 00:25:46 - INFO - __main__ -   loaded 16100 docs!
11/18/2021 00:27:17 - INFO - __main__ -   loaded 16200 docs!
11/18/2021 00:28:56 - INFO - __main__ -   loaded 16300 docs!
11/18/2021 00:30:16 - INFO - __main__ -   loaded 16400 docs!
11/18/2021 00:32:04 - INFO - __main__ -   loaded 16500 docs!
11/18/2021 00:33:36 - INFO - __main__ -   loaded 16600 docs!
11/18/2021 00:34:51 - INFO - __main__ -   loaded 16700 docs!
11/18/2021 00:36:19 - INFO - __main__ -   loaded 16800 docs!
11/18/2021 00:37:43 - INFO - __main__ -   loaded 16900 docs!
11/18/2021 00:39:27 - INFO - __main__ -   loaded 17000 docs!
11/18/2021 00:40:50 - INFO - __main__ -   loaded 17100 docs!
11/18/2021 00:42:12 - INFO - __main__ -   loaded 17200 docs!
11/18/2021 00:43:38 - INFO - __main__ -   loaded 17300 docs!
11/18/2021 00:45:15 - INFO - __main__ -   loaded 17400 docs!
11/18/2021 00:46:54 - INFO - __main__ -   loaded 17500 docs!
11/18/2021 00:48:22 - INFO - __main__ -   loaded 17600 docs!
11/18/2021 00:49:53 - INFO - __main__ -   loaded 17700 docs!
11/18/2021 00:51:26 - INFO - __main__ -   loaded 17800 docs!
11/18/2021 00:52:29 - INFO - __main__ -   instance: {'tokens': ['met', 'at', 'harrow', 'a', 'true', 'love', 'story', 'by', 'kim', '##ti', 'va', '##gh', '##asia', 'text', 'copyright', '©', '2015', 'kim', '##ti', 'va', '##gh', '##asia', 'all', 'right', 'reserved', 'preface', 'london', ',', 'the', 'witness', 'of', 'everything', 'new', 'i', 'did', 'in', 'my', 'life', '.', 'be', 'it', 'the', 'first', 'time', 'i', 'started', 'living', 'an', 'independent', 'life', ',', 'or', 'the', 'first', 'salary', 'i', 'earned', 'to', 'send', 'back', 'home', ',', 'or', 'the', 'first', 'step', 'into', 'a', 'pub', 'or', 'the', 'first', 'drinks', 'of', 'my', 'life', '.', 'london', 'saw', 'me', 'growing', 'up', '.', 'and', 'so', ',', 'it', 'saw', 'me', 'falling', 'in', 'love', '.']}
11/18/2021 00:52:29 - INFO - __main__ -   instance: {'tokens': ['like', 'any', 'other', 'girl', 'of', 'my', 'age', ',', 'i', 'was', 'waiting', 'for', 'someone', 'to', 'step', 'a', 'foot', 'in', 'my', 'life', '.', 'someone', 'real', 'and', 'true', '.', 'someone', 'beyond', 'my', 'dreams', '.', 'someone', 'who', 'loved', 'me', 'with', 'everything', 'he', 'had', '.', 'he', 'was', 'around', 'me', 'all', 'the', 'time', '.', 'but', 'as', 'they', 'say', ',', 'you', 'don', "'", 't', 'see', 'the', 'good', 'till', 'you', 'haven', "'", 't', 'seen', 'the', 'bad', '.', 'after', 'five', 'long', 'years', ',', 'some', 'wrong', 'ventures', ',', 'heartbreak', '##s', ',', 'misunderstanding', '##s', ',', 'sparks', 'of', 'jealousy', ',', 'distances', 'and', 'an', 'entirely', 'new', 'country', ',', 'my', 'wait', 'was', 'over', '.', 'i', 'finally', 'saw', 'him', '.', '.', '.', 'table', 'of', 'content', 'how', 'i', 'started', 'meeting', 'unwanted', 'stumbled', 'upon', 'catching', 'and', 'chasing', 'grocery', 'shopping', 'left', 'his', 'touch', 'arranged', 'meeting']}
11/18/2021 00:52:29 - INFO - __main__ -   instance: {'tokens': ['enjoying', 'new', 'company', 'some', 'one', 'got', 'jealous', 'playing', 'games', 'in', 'desperate', 'need', 'thank', 'you', 'chat', 'important', 'lesson', 'new', 'work', 'floor', 'night', 'shifts', 'at', 'work', 'girls', 'talk', 'visit', 'to', 'the', 'travel', 'agent', 'mind', 'jo', '##gg', '##ling', 'victoria', 'sponge', 'family', 'shopping', 'answer', 'time', 'chick', '##pe', '##as', 'curry', 'badly', 'brushed', 'christmas', 'drinks', 'something', 'missing', 'surprise', 'comeback', 'visiting', 'my', 'store', 'parents', 'involved', 'truth', 'cannot', 'hide', 'feelings', 'on', 'rise', 'just', 'proposed', 'me', 'on', 'visiting', 'my', 'family', 'meeting', 'in', 'the', 'garden', 'pleasing', 'my', 'parents', 'visiting', 'his', 'town', 'alone', 'decision', 'pending', 'special', 'day', 'back', 'to', 'the', 'uk', 'manchester', 'job', 'moved', 'with', 'me', 'the', 'dream', 'job', 'moving', 'to', 'new', 'place', 'new', 'journey', 'started', 'distance', 'increased', 'surprise', 'visit', 'the', 'europe', 'tour', 'living', 'together', 'prep', '##lan', '##ning', 'started', 'days', 'before', 'countdown', 'begins', 'joy', 'fading', 'slowly', 'almost', 'done']}
11/18/2021 00:52:29 - INFO - __main__ -   instance: {'tokens': ['finally', 'in', 'peace', 'family', 'about', 'the', 'author', 'how', 'i', 'started']}
11/18/2021 00:52:29 - INFO - __main__ -   instance: {'tokens': ['currently', 'i', 'am', 'living', 'in', 'the', 'world', ',', 'which', 'i', 'started', 'building', 'when', 'i', 'was', 'teen', '.', 'from', 'age', '14', ',', 'just', 'when', 'i', 'started', 'understanding', 'out', 'side', 'world', 'better', ',', 'every', 'night', 'before', 'i', 'could', 'fall', 'asleep', ',', 'i', 'used', 'to', 'create', 'imaginary', 'world', ',', 'in', 'which', 'i', 'was', 'adding', 'characters', ',', 'some', 'events', 'of', 'life', 'and', 'myself', '.', 'in', 'my', 'imagination', ',', 'everything', 'was', 'running', 'the', 'way', 'i', 'wanted', 'it', 'to', 'be', ',', 'which', 'used', 'to', 'give', 'me', 'immense', 'amount', 'of', 'joy', '.', 'majority', 'night', 'i', 'used', 'to', 'think', 'about', 'same', 'topic', ',', 'which', 'was', 'my', 'life', 'with', 'my', 'special', 'one', '.', 'the', 'idea', 'of', 'that', 'particular', 'topic', 'came', 'from', 'the', 'movies', '.', "'", 'silly', 'me', "'", ',', 'i', 'think', '.']}
11/18/2021 00:52:29 - INFO - __main__ -   instance: {'tokens': ['but', 'now', 'when', 'i', 'see', 'my', 'life', ',', 'which', 'is', 'exactly', 'like', 'i', 'crafted', 'before', '14', '-', '15', 'years', 'ago', ',', 'i', 'really', 'get', 'amazed', '.', 'i', 'know', 'it', "'", 's', 'really', 'hard', 'to', 'believe', 'but', 'it', "'", 's', 'very', 'true', '.', 'being', 'adult', ',', 'i', 'found', 'that', 'the', 'mind', 'is', 'very', 'powerful', 'and', 'can', 'bring', 'imaginary', 'things', 'in', 'your', 'life', 'when', 'you', 'strongly', 'feel', 'for', 'it', '.']}
11/18/2021 00:52:29 - INFO - __main__ -   instance: {'tokens': ['i', 'was', 'born', 'in', 'gujarat', ',', 'india', 'and', 'by', 'the', 'age', 'of', '18', ',', 'my', 'life', 'was', 'toned', 'by', 'indian', 'culture', 'and', 'religion', '.', 'some', 'cultural', 'rules', 'had', 'positive', 'effects', ',', 'but', 'majority', 'of', 'them', 'i', 'followed', 'unwilling', '##ly', '.', 'actually', 'i', 'am', 'not', 'alone', 'in', 'that', 'world', '.', 'there', 'are', 'still', 'thousands', 'like', 'me', ',', 'who', 'are', 'making', 'decisions', 'under', 'those', 'rules', '.', 'no', 'body', 'can', 'help', 'it', ',', 'not', 'even', 'my', 'parents', ',', 'because', 'we', 'all', 'are', 'a', 'part', 'of', 'the', 'traditional', 'community', '.', 'never', 'mind', ',', 'i', 'got', 'used', 'to', 'by', 'now', '.']}
11/18/2021 00:52:29 - INFO - __main__ -   instance: {'tokens': ['but', 'in', 'all', 'that', 'i', 'had', 'one', 'big', 'dream', '.', 'i', 'wanted', 'to', 'go', 'abroad', 'after', 'college', ',', 'no', 'matter', 'what', '.', 'one', 'day', 'i', 'got', 'curious', 'and', 'went', 'to', 'one', 'famous', 'astro', '##log', '##er', 'of', 'my', 'city', ',', 'to', 'know', 'about', 'my', 'luck', 'to', 'go', 'abroad', ',', 'but', 'she', 'denied', 'completely', '.', 'she', 'said', 'that', 'she', 'could', 'not', 'see', 'any', 'thing', ',', 'which', 'could', 'ever', 'fulfill', 'my', 'dream', '.', 'but', 'my', 'hope', 'and', 'imagination', 'was', 'bigger', 'then', 'her', 'prediction', '.', 'i', 'strongly', 'wanted', 'to', 'prove', 'her', 'wrong', '.', 'so', 'i', 'started', 'exploring', 'all', 'available', 'options', 'and', 'diverted', 'my', 'effort', 'in', 'that', 'direction', 'only', '.']}
11/18/2021 00:52:29 - INFO - __main__ -   instance: {'tokens': ['i', 'wanted', 'to', 'go', 'to', 'usa', ',', 'but', 'even', 'giving', 'exams', 'twice', 'my', 'score', 'was', 'little', 'less', 'for', 'application', 'to', 'be', 'in', 'chosen', 'universities', '.', 'next', 'available', 'option', 'was', 'to', 'go', 'to', 'uk', '.', 'exams', 'were', 'very', 'easy', 'compare', 'to', 'usa', 'ones', '.', 'i', 'easily', 'scored', 'more', 'then', 'enough', 'and', 'also', 'got', 'admission', 'in', 'one', 'uk', 'college', '.', 'maybe', 'my', 'fortune', 'did', 'not', 'wanted', 'me', 'to', 'go', 'to', 'usa', 'as', 'it', 'had', 'something', 'planned', 'for', 'me', 'in', 'the', 'uk', '.']}
11/18/2021 00:52:29 - INFO - __main__ -   instance: {'tokens': ['all', 'these', ',', 'my', 'making', 'of', 'imaginary', 'world', ',', 'culture', 'and', 'my', 'dream', 'slowly', 'accumulated', 'to', 'design', 'different', 'colors', 'in', 'my', 'love', '-', 'story', 'and', 'influenced', 'my', 'decision', '-', 'making', 'at', 'many', 'points', '.', 'it', "'", 's', 'a', 'sweet', 'simple', 'story', 'of', 'my', 'life', '.', 'have', 'a', 'happy', 'reading', 'time', '!', 'meeting', 'unwanted']}
11/18/2021 00:52:30 - INFO - __main__ -   loaded 100000 examples!
11/18/2021 00:52:32 - INFO - __main__ -   loaded 200000 examples!
11/18/2021 00:52:34 - INFO - __main__ -   loaded 300000 examples!
11/18/2021 00:52:36 - INFO - __main__ -   loaded 400000 examples!
11/18/2021 00:52:38 - INFO - __main__ -   loaded 500000 examples!
11/18/2021 00:52:40 - INFO - __main__ -   loaded 600000 examples!
11/18/2021 00:52:42 - INFO - __main__ -   loaded 700000 examples!
11/18/2021 00:52:44 - INFO - __main__ -   loaded 800000 examples!
11/18/2021 00:52:46 - INFO - __main__ -   loaded 900000 examples!
11/18/2021 00:52:48 - INFO - __main__ -   loaded 1000000 examples!
11/18/2021 00:52:50 - INFO - __main__ -   loaded 1100000 examples!
11/18/2021 00:52:52 - INFO - __main__ -   loaded 1200000 examples!
11/18/2021 00:52:54 - INFO - __main__ -   loaded 1300000 examples!
11/18/2021 00:52:56 - INFO - __main__ -   loaded 1400000 examples!
11/18/2021 00:52:57 - INFO - __main__ -   loaded 1500000 examples!
11/18/2021 00:52:59 - INFO - __main__ -   loaded 1600000 examples!
11/18/2021 00:53:01 - INFO - __main__ -   loaded 1700000 examples!
11/18/2021 00:53:03 - INFO - __main__ -   loaded 1800000 examples!
11/18/2021 00:53:05 - INFO - __main__ -   loaded 1900000 examples!
11/18/2021 00:53:07 - INFO - __main__ -   loaded 2000000 examples!
11/18/2021 00:53:09 - INFO - __main__ -   loaded 2100000 examples!
11/18/2021 00:53:11 - INFO - __main__ -   loaded 2200000 examples!
11/18/2021 00:53:13 - INFO - __main__ -   loaded 2300000 examples!
11/18/2021 00:53:15 - INFO - __main__ -   loaded 2400000 examples!
11/18/2021 00:53:17 - INFO - __main__ -   loaded 2500000 examples!
11/18/2021 00:53:19 - INFO - __main__ -   loaded 2600000 examples!
11/18/2021 00:53:21 - INFO - __main__ -   loaded 2700000 examples!
11/18/2021 00:53:23 - INFO - __main__ -   loaded 2800000 examples!
11/18/2021 00:53:25 - INFO - __main__ -   loaded 2900000 examples!
11/18/2021 00:53:27 - INFO - __main__ -   loaded 3000000 examples!
11/18/2021 00:53:29 - INFO - __main__ -   loaded 3100000 examples!
11/18/2021 00:53:30 - INFO - __main__ -   loaded 3200000 examples!
11/18/2021 00:53:32 - INFO - __main__ -   loaded 3300000 examples!
11/18/2021 00:53:34 - INFO - __main__ -   loaded 3400000 examples!
11/18/2021 00:53:36 - INFO - __main__ -   loaded 3500000 examples!
11/18/2021 00:53:38 - INFO - __main__ -   loaded 3600000 examples!
11/18/2021 00:53:40 - INFO - __main__ -   loaded 3700000 examples!
11/18/2021 00:53:42 - INFO - __main__ -   loaded 3800000 examples!
11/18/2021 00:53:44 - INFO - __main__ -   loaded 3900000 examples!
11/18/2021 00:53:46 - INFO - __main__ -   loaded 4000000 examples!
11/18/2021 00:53:48 - INFO - __main__ -   loaded 4100000 examples!
11/18/2021 00:53:50 - INFO - __main__ -   loaded 4200000 examples!
11/18/2021 00:53:52 - INFO - __main__ -   loaded 4300000 examples!
11/18/2021 00:53:54 - INFO - __main__ -   loaded 4400000 examples!
11/18/2021 00:53:56 - INFO - __main__ -   loaded 4500000 examples!
11/18/2021 00:53:58 - INFO - __main__ -   loaded 4600000 examples!
11/18/2021 00:54:00 - INFO - __main__ -   loaded 4700000 examples!
11/18/2021 00:54:02 - INFO - __main__ -   loaded 4800000 examples!
11/18/2021 00:54:03 - INFO - __main__ -   loaded 4900000 examples!
11/18/2021 00:54:05 - INFO - __main__ -   loaded 5000000 examples!
11/18/2021 00:54:07 - INFO - __main__ -   loaded 5100000 examples!
11/18/2021 00:54:09 - INFO - __main__ -   loaded 5200000 examples!
11/18/2021 00:54:11 - INFO - __main__ -   loaded 5300000 examples!
11/18/2021 00:54:13 - INFO - __main__ -   loaded 5400000 examples!
11/18/2021 00:54:15 - INFO - __main__ -   loaded 5500000 examples!
11/18/2021 00:54:17 - INFO - __main__ -   loaded 5600000 examples!
11/18/2021 00:54:19 - INFO - __main__ -   loaded 5700000 examples!
11/18/2021 00:54:21 - INFO - __main__ -   loaded 5800000 examples!
11/18/2021 00:54:23 - INFO - __main__ -   loaded 5900000 examples!
11/18/2021 00:54:24 - INFO - __main__ -   loaded 6000000 examples!
11/18/2021 00:54:26 - INFO - __main__ -   loaded 6100000 examples!
11/18/2021 00:54:28 - INFO - __main__ -   loaded 6200000 examples!
11/18/2021 00:54:30 - INFO - __main__ -   loaded 6300000 examples!
11/18/2021 00:54:32 - INFO - __main__ -   loaded 6400000 examples!
11/18/2021 00:54:34 - INFO - __main__ -   loaded 6500000 examples!
11/18/2021 00:54:36 - INFO - __main__ -   loaded 6600000 examples!
11/18/2021 00:54:38 - INFO - __main__ -   loaded 6700000 examples!
11/18/2021 00:54:40 - INFO - __main__ -   loaded 6800000 examples!
11/18/2021 00:54:41 - INFO - __main__ -   loaded 6900000 examples!
11/18/2021 00:54:43 - INFO - __main__ -   loaded 7000000 examples!
11/18/2021 00:54:45 - INFO - __main__ -   loaded 7100000 examples!
11/18/2021 00:54:47 - INFO - __main__ -   loaded 7200000 examples!
11/18/2021 00:54:49 - INFO - __main__ -   loaded 7300000 examples!
11/18/2021 00:54:51 - INFO - __main__ -   loaded 7400000 examples!
11/18/2021 00:54:53 - INFO - __main__ -   loaded 7500000 examples!
11/18/2021 00:54:55 - INFO - __main__ -   loaded 7600000 examples!
11/18/2021 00:54:57 - INFO - __main__ -   loaded 7700000 examples!
11/18/2021 00:54:59 - INFO - __main__ -   loaded 7800000 examples!
11/18/2021 00:55:01 - INFO - __main__ -   loaded 7900000 examples!
11/18/2021 00:55:03 - INFO - __main__ -   loaded 8000000 examples!
11/18/2021 00:55:05 - INFO - __main__ -   loaded 8100000 examples!
11/18/2021 00:55:07 - INFO - __main__ -   loaded 8200000 examples!
11/18/2021 00:55:08 - INFO - __main__ -   loaded 8300000 examples!
11/18/2021 00:55:10 - INFO - __main__ -   loaded 8400000 examples!
11/18/2021 00:55:12 - INFO - __main__ -   loaded 8500000 examples!
11/18/2021 00:55:14 - INFO - __main__ -   loaded 8600000 examples!
11/18/2021 00:55:16 - INFO - __main__ -   loaded 8700000 examples!
11/18/2021 00:55:18 - INFO - __main__ -   loaded 8800000 examples!
11/18/2021 00:55:20 - INFO - __main__ -   loaded 8900000 examples!
11/18/2021 00:55:22 - INFO - __main__ -   loaded 9000000 examples!
11/18/2021 00:55:24 - INFO - __main__ -   loaded 9100000 examples!
11/18/2021 00:55:26 - INFO - __main__ -   loaded 9200000 examples!
11/18/2021 00:55:28 - INFO - __main__ -   loaded 9300000 examples!
11/18/2021 00:55:30 - INFO - __main__ -   loaded 9400000 examples!
11/18/2021 00:55:32 - INFO - __main__ -   loaded 9500000 examples!
11/18/2021 00:55:34 - INFO - __main__ -   loaded 9600000 examples!
11/18/2021 00:55:36 - INFO - __main__ -   loaded 9700000 examples!
11/18/2021 00:55:37 - INFO - __main__ -   loaded 9800000 examples!
11/18/2021 00:55:40 - INFO - __main__ -   loaded 9900000 examples!
11/18/2021 00:55:41 - INFO - __main__ -   loaded 10000000 examples!
11/18/2021 00:55:43 - INFO - __main__ -   loaded 10100000 examples!
11/18/2021 00:55:45 - INFO - __main__ -   loaded 10200000 examples!
11/18/2021 00:55:47 - INFO - __main__ -   loaded 10300000 examples!
11/18/2021 00:55:49 - INFO - __main__ -   loaded 10400000 examples!
11/18/2021 00:55:51 - INFO - __main__ -   loaded 10500000 examples!
11/18/2021 00:55:53 - INFO - __main__ -   loaded 10600000 examples!
11/18/2021 00:55:55 - INFO - __main__ -   loaded 10700000 examples!
11/18/2021 00:55:57 - INFO - __main__ -   loaded 10800000 examples!
11/18/2021 00:55:59 - INFO - __main__ -   loaded 10900000 examples!
11/18/2021 00:56:01 - INFO - __main__ -   loaded 11000000 examples!
11/18/2021 00:56:03 - INFO - __main__ -   loaded 11100000 examples!
11/18/2021 00:56:05 - INFO - __main__ -   loaded 11200000 examples!
11/18/2021 00:56:07 - INFO - __main__ -   loaded 11300000 examples!
11/18/2021 00:56:09 - INFO - __main__ -   loaded 11400000 examples!
11/18/2021 00:56:10 - INFO - __main__ -   loaded 11500000 examples!
11/18/2021 00:56:12 - INFO - __main__ -   loaded 11600000 examples!
11/18/2021 00:56:14 - INFO - __main__ -   loaded 11700000 examples!
11/18/2021 00:56:16 - INFO - __main__ -   loaded 11800000 examples!
11/18/2021 00:56:18 - INFO - __main__ -   loaded 11900000 examples!
11/18/2021 00:56:20 - INFO - __main__ -   loaded 12000000 examples!
11/18/2021 00:56:22 - INFO - __main__ -   loaded 12100000 examples!
11/18/2021 00:56:24 - INFO - __main__ -   loaded 12200000 examples!
11/18/2021 00:56:26 - INFO - __main__ -   loaded 12300000 examples!
11/18/2021 00:56:28 - INFO - __main__ -   loaded 12400000 examples!
11/18/2021 00:56:30 - INFO - __main__ -   loaded 12500000 examples!
11/18/2021 00:56:32 - INFO - __main__ -   loaded 12600000 examples!
11/18/2021 00:56:34 - INFO - __main__ -   loaded 12700000 examples!
11/18/2021 00:56:35 - INFO - __main__ -   loaded 12800000 examples!
11/18/2021 00:56:37 - INFO - __main__ -   loaded 12900000 examples!
11/18/2021 00:56:39 - INFO - __main__ -   loaded 13000000 examples!
11/18/2021 00:56:41 - INFO - __main__ -   loaded 13100000 examples!
11/18/2021 00:56:43 - INFO - __main__ -   loaded 13200000 examples!
11/18/2021 00:56:46 - INFO - __main__ -   loaded 13300000 examples!
11/18/2021 00:56:48 - INFO - __main__ -   loaded 13400000 examples!
11/18/2021 00:56:50 - INFO - __main__ -   loaded 13500000 examples!
11/18/2021 00:56:52 - INFO - __main__ -   loaded 13600000 examples!
11/18/2021 00:56:54 - INFO - __main__ -   loaded 13700000 examples!
11/18/2021 00:56:56 - INFO - __main__ -   loaded 13800000 examples!
11/18/2021 00:56:57 - INFO - __main__ -   loaded 13900000 examples!
11/18/2021 00:56:59 - INFO - __main__ -   loaded 14000000 examples!
